<?xml version="1.0" encoding="UTF-8"?>
<testsuite xmlns:xsi="http://www.w3.org/2001/XMLSchema-instance" xsi:noNamespaceSchemaLocation="https://maven.apache.org/surefire/maven-surefire-plugin/xsd/surefire-test-report.xsd" name="TestSuite" time="5.98" tests="1" errors="0" skipped="0" failures="0">
  <properties>
    <property name="sun.desktop" value="windows"/>
    <property name="awt.toolkit" value="sun.awt.windows.WToolkit"/>
    <property name="java.specification.version" value="10"/>
    <property name="file.encoding.pkg" value="sun.io"/>
    <property name="sun.cpu.isalist" value="amd64"/>
    <property name="sun.jnu.encoding" value="Cp1252"/>
    <property name="java.class.path" value="C:\Users\Victor Burgos\Desktop\Syntax Course\Com.MavenTestNG.Jenkins\target\test-classes;C:\Users\Victor Burgos\Desktop\Syntax Course\Com.MavenTestNG.Jenkins\target\classes;C:\Users\Victor Burgos\.m2\repository\org\seleniumhq\selenium\selenium-server\3.14.0\selenium-server-3.14.0.jar;C:\Users\Victor Burgos\.m2\repository\org\seleniumhq\selenium\selenium-api\3.14.0\selenium-api-3.14.0.jar;C:\Users\Victor Burgos\.m2\repository\org\seleniumhq\selenium\selenium-chrome-driver\3.14.0\selenium-chrome-driver-3.14.0.jar;C:\Users\Victor Burgos\.m2\repository\org\seleniumhq\selenium\selenium-edge-driver\3.14.0\selenium-edge-driver-3.14.0.jar;C:\Users\Victor Burgos\.m2\repository\org\seleniumhq\selenium\selenium-firefox-driver\3.14.0\selenium-firefox-driver-3.14.0.jar;C:\Users\Victor Burgos\.m2\repository\org\seleniumhq\selenium\selenium-ie-driver\3.14.0\selenium-ie-driver-3.14.0.jar;C:\Users\Victor Burgos\.m2\repository\org\seleniumhq\selenium\selenium-opera-driver\3.14.0\selenium-opera-driver-3.14.0.jar;C:\Users\Victor Burgos\.m2\repository\org\seleniumhq\selenium\selenium-remote-driver\3.14.0\selenium-remote-driver-3.14.0.jar;C:\Users\Victor Burgos\.m2\repository\org\seleniumhq\selenium\selenium-safari-driver\3.14.0\selenium-safari-driver-3.14.0.jar;C:\Users\Victor Burgos\.m2\repository\org\seleniumhq\selenium\selenium-support\3.14.0\selenium-support-3.14.0.jar;C:\Users\Victor Burgos\.m2\repository\com\beust\jcommander\1.72\jcommander-1.72.jar;C:\Users\Victor Burgos\.m2\repository\net\bytebuddy\byte-buddy\1.8.15\byte-buddy-1.8.15.jar;C:\Users\Victor Burgos\.m2\repository\org\apache\commons\commons-exec\1.3\commons-exec-1.3.jar;C:\Users\Victor Burgos\.m2\repository\org\apache\commons\commons-lang3\3.7\commons-lang3-3.7.jar;C:\Users\Victor Burgos\.m2\repository\org\apache\commons\commons-text\1.1\commons-text-1.1.jar;C:\Users\Victor Burgos\.m2\repository\commons-codec\commons-codec\1.10\commons-codec-1.10.jar;C:\Users\Victor Burgos\.m2\repository\commons-io\commons-io\2.6\commons-io-2.6.jar;C:\Users\Victor Burgos\.m2\repository\commons-logging\commons-logging\1.2\commons-logging-1.2.jar;C:\Users\Victor Burgos\.m2\repository\commons-net\commons-net\3.6\commons-net-3.6.jar;C:\Users\Victor Burgos\.m2\repository\com\google\guava\guava\25.0-jre\guava-25.0-jre.jar;C:\Users\Victor Burgos\.m2\repository\com\google\code\findbugs\jsr305\1.3.9\jsr305-1.3.9.jar;C:\Users\Victor Burgos\.m2\repository\org\checkerframework\checker-compat-qual\2.0.0\checker-compat-qual-2.0.0.jar;C:\Users\Victor Burgos\.m2\repository\com\google\errorprone\error_prone_annotations\2.1.3\error_prone_annotations-2.1.3.jar;C:\Users\Victor Burgos\.m2\repository\com\google\j2objc\j2objc-annotations\1.1\j2objc-annotations-1.1.jar;C:\Users\Victor Burgos\.m2\repository\org\codehaus\mojo\animal-sniffer-annotations\1.14\animal-sniffer-annotations-1.14.jar;C:\Users\Victor Burgos\.m2\repository\net\sourceforge\htmlunit\htmlunit\2.30\htmlunit-2.30.jar;C:\Users\Victor Burgos\.m2\repository\net\sourceforge\htmlunit\htmlunit-core-js\2.28\htmlunit-core-js-2.28.jar;C:\Users\Victor Burgos\.m2\repository\net\sourceforge\htmlunit\htmlunit-cssparser\1.0.0\htmlunit-cssparser-1.0.0.jar;C:\Users\Victor Burgos\.m2\repository\net\sourceforge\htmlunit\neko-htmlunit\2.30\neko-htmlunit-2.30.jar;C:\Users\Victor Burgos\.m2\repository\org\apache\httpcomponents\httpclient\4.5.5\httpclient-4.5.5.jar;C:\Users\Victor Burgos\.m2\repository\org\apache\httpcomponents\httpcore\4.4.9\httpcore-4.4.9.jar;C:\Users\Victor Burgos\.m2\repository\org\apache\httpcomponents\httpmime\4.5.5\httpmime-4.5.5.jar;C:\Users\Victor Burgos\.m2\repository\net\jcip\jcip-annotations\1.0\jcip-annotations-1.0.jar;C:\Users\Victor Burgos\.m2\repository\org\seleniumhq\selenium\jetty-repacked\9.4.8.v20180619\jetty-repacked-9.4.8.v20180619.jar;C:\Users\Victor Burgos\.m2\repository\org\eclipse\jetty\jetty-client\9.4.8.v20180619\jetty-client-9.4.8.v20180619.jar;C:\Users\Victor Burgos\.m2\repository\org\eclipse\jetty\jetty-http\9.4.8.v20180619\jetty-http-9.4.8.v20180619.jar;C:\Users\Victor Burgos\.m2\repository\org\eclipse\jetty\jetty-io\9.4.8.v20180619\jetty-io-9.4.8.v20180619.jar;C:\Users\Victor Burgos\.m2\repository\org\eclipse\jetty\jetty-util\9.4.8.v20180619\jetty-util-9.4.8.v20180619.jar;C:\Users\Victor Burgos\.m2\repository\org\eclipse\jetty\jetty-xml\9.4.8.v20180619\jetty-xml-9.4.8.v20180619.jar;C:\Users\Victor Burgos\.m2\repository\com\squareup\okhttp3\okhttp\3.10.0\okhttp-3.10.0.jar;C:\Users\Victor Burgos\.m2\repository\com\squareup\okio\okio\1.14.1\okio-1.14.1.jar;C:\Users\Victor Burgos\.m2\repository\org\seleniumhq\selenium\htmlunit-driver\2.30.0\htmlunit-driver-2.30.0.jar;C:\Users\Victor Burgos\.m2\repository\javax\servlet\javax.servlet-api\3.1.0\javax.servlet-api-3.1.0.jar;C:\Users\Victor Burgos\.m2\repository\org\eclipse\jetty\websocket\websocket-api\9.4.8.v20180619\websocket-api-9.4.8.v20180619.jar;C:\Users\Victor Burgos\.m2\repository\org\eclipse\jetty\websocket\websocket-client\9.4.8.v20180619\websocket-client-9.4.8.v20180619.jar;C:\Users\Victor Burgos\.m2\repository\org\eclipse\jetty\websocket\websocket-common\9.4.8.v20180619\websocket-common-9.4.8.v20180619.jar;C:\Users\Victor Burgos\.m2\repository\xalan\serializer\2.7.2\serializer-2.7.2.jar;C:\Users\Victor Burgos\.m2\repository\xalan\xalan\2.7.2\xalan-2.7.2.jar;C:\Users\Victor Burgos\.m2\repository\xerces\xercesImpl\2.11.0\xercesImpl-2.11.0.jar;C:\Users\Victor Burgos\.m2\repository\xml-apis\xml-apis\1.4.01\xml-apis-1.4.01.jar;C:\Users\Victor Burgos\.m2\repository\org\yaml\snakeyaml\1.19\snakeyaml-1.19.jar;C:\Users\Victor Burgos\.m2\repository\org\seleniumhq\selenium\selenium-java\3.141.59\selenium-java-3.141.59.jar;C:\Users\Victor Burgos\.m2\repository\org\testng\testng\6.14.3\testng-6.14.3.jar;C:\Users\Victor Burgos\.m2\repository\org\apache-extras\beanshell\bsh\2.0b6\bsh-2.0b6.jar;C:\Users\Victor Burgos\.m2\repository\org\seleniumhq\selenium\selenium-htmlunit-driver\2.52.0\selenium-htmlunit-driver-2.52.0.jar;C:\Users\Victor Burgos\.m2\repository\commons-collections\commons-collections\3.2.2\commons-collections-3.2.2.jar;"/>
    <property name="java.vm.vendor" value="&quot;Oracle Corporation&quot;"/>
    <property name="sun.arch.data.model" value="64"/>
    <property name="user.variant" value=""/>
    <property name="java.vendor.url" value="http://java.oracle.com/"/>
    <property name="user.timezone" value="America/New_York"/>
    <property name="java.vm.specification.version" value="10"/>
    <property name="os.name" value="Windows 10"/>
    <property name="sun.java.launcher" value="SUN_STANDARD"/>
    <property name="user.country" value="US"/>
    <property name="sun.boot.library.path" value="C:\Program Files\Java\jdk-10.0.2\bin"/>
    <property name="sun.java.command" value="C:\Users\VICTOR~1\AppData\Local\Temp\surefire7205470852920133330\surefirebooter1348396791498325288.jar C:\Users\Victor Burgos\AppData\Local\Temp\surefire7205470852920133330 2018-12-29T10-58-30_658-jvmRun1 surefire10809110528386777020tmp surefire_014386088508456324336tmp"/>
    <property name="jdk.debug" value="release"/>
    <property name="surefire.test.class.path" value="C:\Users\Victor Burgos\Desktop\Syntax Course\Com.MavenTestNG.Jenkins\target\test-classes;C:\Users\Victor Burgos\Desktop\Syntax Course\Com.MavenTestNG.Jenkins\target\classes;C:\Users\Victor Burgos\.m2\repository\org\seleniumhq\selenium\selenium-server\3.14.0\selenium-server-3.14.0.jar;C:\Users\Victor Burgos\.m2\repository\org\seleniumhq\selenium\selenium-api\3.14.0\selenium-api-3.14.0.jar;C:\Users\Victor Burgos\.m2\repository\org\seleniumhq\selenium\selenium-chrome-driver\3.14.0\selenium-chrome-driver-3.14.0.jar;C:\Users\Victor Burgos\.m2\repository\org\seleniumhq\selenium\selenium-edge-driver\3.14.0\selenium-edge-driver-3.14.0.jar;C:\Users\Victor Burgos\.m2\repository\org\seleniumhq\selenium\selenium-firefox-driver\3.14.0\selenium-firefox-driver-3.14.0.jar;C:\Users\Victor Burgos\.m2\repository\org\seleniumhq\selenium\selenium-ie-driver\3.14.0\selenium-ie-driver-3.14.0.jar;C:\Users\Victor Burgos\.m2\repository\org\seleniumhq\selenium\selenium-opera-driver\3.14.0\selenium-opera-driver-3.14.0.jar;C:\Users\Victor Burgos\.m2\repository\org\seleniumhq\selenium\selenium-remote-driver\3.14.0\selenium-remote-driver-3.14.0.jar;C:\Users\Victor Burgos\.m2\repository\org\seleniumhq\selenium\selenium-safari-driver\3.14.0\selenium-safari-driver-3.14.0.jar;C:\Users\Victor Burgos\.m2\repository\org\seleniumhq\selenium\selenium-support\3.14.0\selenium-support-3.14.0.jar;C:\Users\Victor Burgos\.m2\repository\com\beust\jcommander\1.72\jcommander-1.72.jar;C:\Users\Victor Burgos\.m2\repository\net\bytebuddy\byte-buddy\1.8.15\byte-buddy-1.8.15.jar;C:\Users\Victor Burgos\.m2\repository\org\apache\commons\commons-exec\1.3\commons-exec-1.3.jar;C:\Users\Victor Burgos\.m2\repository\org\apache\commons\commons-lang3\3.7\commons-lang3-3.7.jar;C:\Users\Victor Burgos\.m2\repository\org\apache\commons\commons-text\1.1\commons-text-1.1.jar;C:\Users\Victor Burgos\.m2\repository\commons-codec\commons-codec\1.10\commons-codec-1.10.jar;C:\Users\Victor Burgos\.m2\repository\commons-io\commons-io\2.6\commons-io-2.6.jar;C:\Users\Victor Burgos\.m2\repository\commons-logging\commons-logging\1.2\commons-logging-1.2.jar;C:\Users\Victor Burgos\.m2\repository\commons-net\commons-net\3.6\commons-net-3.6.jar;C:\Users\Victor Burgos\.m2\repository\com\google\guava\guava\25.0-jre\guava-25.0-jre.jar;C:\Users\Victor Burgos\.m2\repository\com\google\code\findbugs\jsr305\1.3.9\jsr305-1.3.9.jar;C:\Users\Victor Burgos\.m2\repository\org\checkerframework\checker-compat-qual\2.0.0\checker-compat-qual-2.0.0.jar;C:\Users\Victor Burgos\.m2\repository\com\google\errorprone\error_prone_annotations\2.1.3\error_prone_annotations-2.1.3.jar;C:\Users\Victor Burgos\.m2\repository\com\google\j2objc\j2objc-annotations\1.1\j2objc-annotations-1.1.jar;C:\Users\Victor Burgos\.m2\repository\org\codehaus\mojo\animal-sniffer-annotations\1.14\animal-sniffer-annotations-1.14.jar;C:\Users\Victor Burgos\.m2\repository\net\sourceforge\htmlunit\htmlunit\2.30\htmlunit-2.30.jar;C:\Users\Victor Burgos\.m2\repository\net\sourceforge\htmlunit\htmlunit-core-js\2.28\htmlunit-core-js-2.28.jar;C:\Users\Victor Burgos\.m2\repository\net\sourceforge\htmlunit\htmlunit-cssparser\1.0.0\htmlunit-cssparser-1.0.0.jar;C:\Users\Victor Burgos\.m2\repository\net\sourceforge\htmlunit\neko-htmlunit\2.30\neko-htmlunit-2.30.jar;C:\Users\Victor Burgos\.m2\repository\org\apache\httpcomponents\httpclient\4.5.5\httpclient-4.5.5.jar;C:\Users\Victor Burgos\.m2\repository\org\apache\httpcomponents\httpcore\4.4.9\httpcore-4.4.9.jar;C:\Users\Victor Burgos\.m2\repository\org\apache\httpcomponents\httpmime\4.5.5\httpmime-4.5.5.jar;C:\Users\Victor Burgos\.m2\repository\net\jcip\jcip-annotations\1.0\jcip-annotations-1.0.jar;C:\Users\Victor Burgos\.m2\repository\org\seleniumhq\selenium\jetty-repacked\9.4.8.v20180619\jetty-repacked-9.4.8.v20180619.jar;C:\Users\Victor Burgos\.m2\repository\org\eclipse\jetty\jetty-client\9.4.8.v20180619\jetty-client-9.4.8.v20180619.jar;C:\Users\Victor Burgos\.m2\repository\org\eclipse\jetty\jetty-http\9.4.8.v20180619\jetty-http-9.4.8.v20180619.jar;C:\Users\Victor Burgos\.m2\repository\org\eclipse\jetty\jetty-io\9.4.8.v20180619\jetty-io-9.4.8.v20180619.jar;C:\Users\Victor Burgos\.m2\repository\org\eclipse\jetty\jetty-util\9.4.8.v20180619\jetty-util-9.4.8.v20180619.jar;C:\Users\Victor Burgos\.m2\repository\org\eclipse\jetty\jetty-xml\9.4.8.v20180619\jetty-xml-9.4.8.v20180619.jar;C:\Users\Victor Burgos\.m2\repository\com\squareup\okhttp3\okhttp\3.10.0\okhttp-3.10.0.jar;C:\Users\Victor Burgos\.m2\repository\com\squareup\okio\okio\1.14.1\okio-1.14.1.jar;C:\Users\Victor Burgos\.m2\repository\org\seleniumhq\selenium\htmlunit-driver\2.30.0\htmlunit-driver-2.30.0.jar;C:\Users\Victor Burgos\.m2\repository\javax\servlet\javax.servlet-api\3.1.0\javax.servlet-api-3.1.0.jar;C:\Users\Victor Burgos\.m2\repository\org\eclipse\jetty\websocket\websocket-api\9.4.8.v20180619\websocket-api-9.4.8.v20180619.jar;C:\Users\Victor Burgos\.m2\repository\org\eclipse\jetty\websocket\websocket-client\9.4.8.v20180619\websocket-client-9.4.8.v20180619.jar;C:\Users\Victor Burgos\.m2\repository\org\eclipse\jetty\websocket\websocket-common\9.4.8.v20180619\websocket-common-9.4.8.v20180619.jar;C:\Users\Victor Burgos\.m2\repository\xalan\serializer\2.7.2\serializer-2.7.2.jar;C:\Users\Victor Burgos\.m2\repository\xalan\xalan\2.7.2\xalan-2.7.2.jar;C:\Users\Victor Burgos\.m2\repository\xerces\xercesImpl\2.11.0\xercesImpl-2.11.0.jar;C:\Users\Victor Burgos\.m2\repository\xml-apis\xml-apis\1.4.01\xml-apis-1.4.01.jar;C:\Users\Victor Burgos\.m2\repository\org\yaml\snakeyaml\1.19\snakeyaml-1.19.jar;C:\Users\Victor Burgos\.m2\repository\org\seleniumhq\selenium\selenium-java\3.141.59\selenium-java-3.141.59.jar;C:\Users\Victor Burgos\.m2\repository\org\testng\testng\6.14.3\testng-6.14.3.jar;C:\Users\Victor Burgos\.m2\repository\org\apache-extras\beanshell\bsh\2.0b6\bsh-2.0b6.jar;C:\Users\Victor Burgos\.m2\repository\org\seleniumhq\selenium\selenium-htmlunit-driver\2.52.0\selenium-htmlunit-driver-2.52.0.jar;C:\Users\Victor Burgos\.m2\repository\commons-collections\commons-collections\3.2.2\commons-collections-3.2.2.jar;"/>
    <property name="sun.cpu.endian" value="little"/>
    <property name="user.home" value="C:\Users\Victor Burgos"/>
    <property name="user.language" value="en"/>
    <property name="java.specification.vendor" value="Oracle Corporation"/>
    <property name="java.version.date" value="2018-07-17"/>
    <property name="java.home" value="C:\Program Files\Java\jdk-10.0.2"/>
    <property name="file.separator" value="\"/>
    <property name="basedir" value="C:\Users\Victor Burgos\Desktop\Syntax Course\Com.MavenTestNG.Jenkins"/>
    <property name="java.vm.compressedOopsMode" value="Zero based"/>
    <property name="line.separator" value="&#10;"/>
    <property name="java.specification.name" value="Java Platform API Specification"/>
    <property name="java.vm.specification.vendor" value="Oracle Corporation"/>
    <property name="java.awt.graphicsenv" value="sun.awt.Win32GraphicsEnvironment"/>
    <property name="surefire.real.class.path" value="C:\Users\VICTOR~1\AppData\Local\Temp\surefire7205470852920133330\surefirebooter1348396791498325288.jar"/>
    <property name="user.script" value=""/>
    <property name="sun.management.compiler" value="HotSpot 64-Bit Tiered Compilers"/>
    <property name="java.runtime.version" value="10.0.2+13"/>
    <property name="user.name" value="Victor Burgos"/>
    <property name="path.separator" value=";"/>
    <property name="os.version" value="10.0"/>
    <property name="java.runtime.name" value="Java(TM) SE Runtime Environment"/>
    <property name="file.encoding" value="Cp1252"/>
    <property name="java.vm.name" value="Java HotSpot(TM) 64-Bit Server VM"/>
    <property name="java.vendor.version" value="18.3"/>
    <property name="localRepository" value="C:\Users\Victor Burgos\.m2\repository"/>
    <property name="java.vendor.url.bug" value="http://bugreport.java.com/bugreport/"/>
    <property name="java.io.tmpdir" value="C:\Users\VICTOR~1\AppData\Local\Temp\"/>
    <property name="java.version" value="10.0.2"/>
    <property name="user.dir" value="C:\Users\Victor Burgos\Desktop\Syntax Course\Com.MavenTestNG.Jenkins"/>
    <property name="os.arch" value="amd64"/>
    <property name="java.vm.specification.name" value="Java Virtual Machine Specification"/>
    <property name="java.awt.printerjob" value="sun.awt.windows.WPrinterJob"/>
    <property name="sun.os.patch.level" value=""/>
    <property name="java.library.path" value="C:\Program Files\Java\jdk-10.0.2\bin;C:\WINDOWS\Sun\Java\bin;C:\WINDOWS\system32;C:\WINDOWS;C:\Program Files (x86)\Common Files\Oracle\Java\javapath;C:\Program Files (x86)\Intel\Intel(R) Management Engine Components\iCLS\;C:\Program Files\Intel\Intel(R) Management Engine Components\iCLS\;C:\Windows\system32;C:\Windows;C:\Windows\System32\Wbem;C:\Windows\System32\WindowsPowerShell\v1.0\;C:\Program Files (x86)\Intel\Intel(R) Management Engine Components\DAL;C:\Program Files\Intel\Intel(R) Management Engine Components\DAL;C:\Program Files (x86)\Intel\Intel(R) Management Engine Components\IPT;C:\Program Files\Intel\Intel(R) Management Engine Components\IPT;C:\Program Files (x86)\NVIDIA Corporation\PhysX\Common;C:\WINDOWS\system32;C:\WINDOWS;C:\WINDOWS\System32\Wbem;C:\WINDOWS\System32\WindowsPowerShell\v1.0\;C:\Program Files\Intel\WiFi\bin\;C:\Program Files\Common Files\Intel\WirelessCommon\;C:\WINDOWS\System32\OpenSSH\;C:\Users\Victor Burgos\Desktop\Syntax Course\Apache-Maven\Maven\bin;C:\Users\Victor Burgos\Desktop\Syntax Course\Git\cmd;C:\Users\Victor Burgos\Desktop\Syntax Course\Git\mingw64\bin;C:\Users\Victor Burgos\Desktop\Syntax Course\Git\usr\bin;C:\Users\Victor Burgos\AppData\Local\Microsoft\WindowsApps;;."/>
    <property name="java.vendor" value="Oracle Corporation"/>
    <property name="java.vm.info" value="mixed mode"/>
    <property name="java.vm.version" value="10.0.2+13"/>
    <property name="sun.io.unicode.encoding" value="UnicodeLittle"/>
    <property name="java.class.version" value="54.0"/>
  </properties>
  <testcase name="setup" classname="Com.MavenTestNG.BaseClass" time="4.926"/>
</testsuite>