<?xml version="1.0" encoding="UTF-8"?>
<!-- Generated by org.testng.reporters.JUnitReportReporter -->
<testsuite hostname="DESKTOP-A6ASAUT" failures="0" tests="1" name="Com.MavenTestNG.BaseClass" time="4.921" errors="0" timestamp="29 Dec 2018 15:58:38 GMT" skipped="0">
  <testcase classname="Com.MavenTestNG.BaseClass" name="setup" time="4.921"/>
</testsuite> <!-- Com.MavenTestNG.BaseClass -->
